2024-02-06 10:12:51,679 [Worker-1: Loading available Gradle versions] INFO  o.e.b.c.i.u.g.PublishedGradleVersions - Gradle version information cache is up-to-date. Trying to read.
2024-02-06 10:13:13,186 [Worker-19: Importing Maven projects] INFO  o.e.m.c.i.e.AbstractTransferListenerAdapter - Downloading https://repo.maven.apache.org/maven2/org/glassfish/jersey/jersey-bom/3.0.2/jersey-bom-3.0.2.pom
2024-02-06 10:13:13,209 [Worker-19: Importing Maven projects] INFO  o.e.m.c.i.e.AbstractTransferListenerAdapter - Downloaded https://repo.maven.apache.org/maven2/org/glassfish/jersey/jersey-bom/3.0.2/jersey-bom-3.0.2.pom
2024-02-06 10:13:14,753 [Worker-19: Importing Maven projects] INFO  o.e.m.c.i.l.LifecycleMappingFactory - Using org.maven.ide.eclipse.wtp.WarLifecycleMapping lifecycle mapping for MavenProject: org.restapi.crud:crud:0.0.1-SNAPSHOT @ C:\GBM\jax-rs\rest-api-using-jax-rs-crud-operation-\rest api using jax-rs\crud\pom.xml.
2024-02-06 10:13:14,859 [Worker-19: Importing Maven projects] INFO  o.e.m.c.i.e.AbstractTransferListenerAdapter - Downloading https://repo.maven.apache.org/maven2/org/glassfish/jersey/containers/jersey-container-servlet-core/3.0.2/jersey-container-servlet-core-3.0.2.pom
2024-02-06 10:13:14,866 [Worker-19: Importing Maven projects] INFO  o.e.m.c.i.e.AbstractTransferListenerAdapter - Downloaded https://repo.maven.apache.org/maven2/org/glassfish/jersey/containers/jersey-container-servlet-core/3.0.2/jersey-container-servlet-core-3.0.2.pom
2024-02-06 10:13:14,972 [Worker-19: Importing Maven projects] INFO  o.e.m.c.i.e.AbstractTransferListenerAdapter - Downloading https://repo.maven.apache.org/maven2/org/glassfish/jersey/containers/project/3.0.2/project-3.0.2.pom
2024-02-06 10:13:14,977 [Worker-19: Importing Maven projects] INFO  o.e.m.c.i.e.AbstractTransferListenerAdapter - Downloaded https://repo.maven.apache.org/maven2/org/glassfish/jersey/containers/project/3.0.2/project-3.0.2.pom
2024-02-06 10:13:15,008 [Worker-19: Importing Maven projects] INFO  o.e.m.c.i.e.AbstractTransferListenerAdapter - Downloading https://repo.maven.apache.org/maven2/org/glassfish/jersey/project/3.0.2/project-3.0.2.pom
2024-02-06 10:13:15,048 [Worker-19: Importing Maven projects] INFO  o.e.m.c.i.e.AbstractTransferListenerAdapter - Downloaded https://repo.maven.apache.org/maven2/org/glassfish/jersey/project/3.0.2/project-3.0.2.pom
2024-02-06 10:13:15,089 [Worker-19: Importing Maven projects] INFO  o.e.m.c.i.e.AbstractTransferListenerAdapter - Downloading https://repo.maven.apache.org/maven2/jakarta/inject/jakarta.inject-api/2.0.0/jakarta.inject-api-2.0.0.pom
2024-02-06 10:13:15,095 [Worker-19: Importing Maven projects] INFO  o.e.m.c.i.e.AbstractTransferListenerAdapter - Downloaded https://repo.maven.apache.org/maven2/jakarta/inject/jakarta.inject-api/2.0.0/jakarta.inject-api-2.0.0.pom
2024-02-06 10:13:15,133 [Worker-19: Importing Maven projects] INFO  o.e.m.c.i.e.AbstractTransferListenerAdapter - Downloading https://repo.maven.apache.org/maven2/org/glassfish/jersey/core/jersey-common/3.0.2/jersey-common-3.0.2.pom
2024-02-06 10:13:15,143 [Worker-19: Importing Maven projects] INFO  o.e.m.c.i.e.AbstractTransferListenerAdapter - Downloaded https://repo.maven.apache.org/maven2/org/glassfish/jersey/core/jersey-common/3.0.2/jersey-common-3.0.2.pom
2024-02-06 10:13:15,174 [Worker-19: Importing Maven projects] INFO  o.e.m.c.i.e.AbstractTransferListenerAdapter - Downloading https://repo.maven.apache.org/maven2/jakarta/ws/rs/jakarta.ws.rs-api/3.0.0/jakarta.ws.rs-api-3.0.0.pom
2024-02-06 10:13:15,181 [Worker-19: Importing Maven projects] INFO  o.e.m.c.i.e.AbstractTransferListenerAdapter - Downloaded https://repo.maven.apache.org/maven2/jakarta/ws/rs/jakarta.ws.rs-api/3.0.0/jakarta.ws.rs-api-3.0.0.pom
2024-02-06 10:13:15,215 [Worker-19: Importing Maven projects] INFO  o.e.m.c.i.e.AbstractTransferListenerAdapter - Downloading https://repo.maven.apache.org/maven2/jakarta/annotation/jakarta.annotation-api/2.0.0/jakarta.annotation-api-2.0.0.pom
2024-02-06 10:13:15,219 [Worker-19: Importing Maven projects] INFO  o.e.m.c.i.e.AbstractTransferListenerAdapter - Downloaded https://repo.maven.apache.org/maven2/jakarta/annotation/jakarta.annotation-api/2.0.0/jakarta.annotation-api-2.0.0.pom
2024-02-06 10:13:15,334 [Worker-19: Importing Maven projects] INFO  o.e.m.c.i.e.AbstractTransferListenerAdapter - Downloading https://repo.maven.apache.org/maven2/org/glassfish/jersey/core/jersey-server/3.0.2/jersey-server-3.0.2.pom
2024-02-06 10:13:15,342 [Worker-19: Importing Maven projects] INFO  o.e.m.c.i.e.AbstractTransferListenerAdapter - Downloaded https://repo.maven.apache.org/maven2/org/glassfish/jersey/core/jersey-server/3.0.2/jersey-server-3.0.2.pom
2024-02-06 10:13:15,484 [Worker-19: Importing Maven projects] INFO  o.e.m.c.i.e.AbstractTransferListenerAdapter - Downloading https://repo.maven.apache.org/maven2/org/glassfish/jersey/core/jersey-client/3.0.2/jersey-client-3.0.2.pom
2024-02-06 10:13:15,494 [Worker-19: Importing Maven projects] INFO  o.e.m.c.i.e.AbstractTransferListenerAdapter - Downloaded https://repo.maven.apache.org/maven2/org/glassfish/jersey/core/jersey-client/3.0.2/jersey-client-3.0.2.pom
2024-02-06 10:13:15,557 [Worker-19: Importing Maven projects] INFO  o.e.m.c.i.e.AbstractTransferListenerAdapter - Downloading https://repo.maven.apache.org/maven2/jakarta/validation/jakarta.validation-api/3.0.0/jakarta.validation-api-3.0.0.pom
2024-02-06 10:13:15,579 [Worker-19: Importing Maven projects] INFO  o.e.m.c.i.e.AbstractTransferListenerAdapter - Downloaded https://repo.maven.apache.org/maven2/jakarta/validation/jakarta.validation-api/3.0.0/jakarta.validation-api-3.0.0.pom
2024-02-06 10:13:15,695 [Worker-19: Importing Maven projects] INFO  o.e.m.c.i.e.AbstractTransferListenerAdapter - Downloading https://repo.maven.apache.org/maven2/org/glassfish/jersey/inject/jersey-hk2/3.0.2/jersey-hk2-3.0.2.pom
2024-02-06 10:13:15,713 [Worker-19: Importing Maven projects] INFO  o.e.m.c.i.e.AbstractTransferListenerAdapter - Downloaded https://repo.maven.apache.org/maven2/org/glassfish/jersey/inject/jersey-hk2/3.0.2/jersey-hk2-3.0.2.pom
2024-02-06 10:13:15,843 [Worker-19: Importing Maven projects] INFO  o.e.m.c.i.e.AbstractTransferListenerAdapter - Downloading https://repo.maven.apache.org/maven2/org/glassfish/jersey/inject/project/3.0.2/project-3.0.2.pom
2024-02-06 10:13:15,846 [Worker-19: Importing Maven projects] INFO  o.e.m.c.i.e.AbstractTransferListenerAdapter - Downloaded https://repo.maven.apache.org/maven2/org/glassfish/jersey/inject/project/3.0.2/project-3.0.2.pom
2024-02-06 10:13:15,898 [Worker-19: Importing Maven projects] INFO  o.e.m.c.i.e.AbstractTransferListenerAdapter - Downloading https://repo.maven.apache.org/maven2/org/glassfish/hk2/hk2-locator/3.0.1/hk2-locator-3.0.1.pom
2024-02-06 10:13:15,901 [Worker-19: Importing Maven projects] INFO  o.e.m.c.i.e.AbstractTransferListenerAdapter - Downloaded https://repo.maven.apache.org/maven2/org/glassfish/hk2/hk2-locator/3.0.1/hk2-locator-3.0.1.pom
2024-02-06 10:13:15,934 [Worker-19: Importing Maven projects] INFO  o.e.m.c.i.e.AbstractTransferListenerAdapter - Downloading https://repo.maven.apache.org/maven2/org/glassfish/hk2/hk2-parent/3.0.1/hk2-parent-3.0.1.pom
2024-02-06 10:13:15,943 [Worker-19: Importing Maven projects] INFO  o.e.m.c.i.e.AbstractTransferListenerAdapter - Downloaded https://repo.maven.apache.org/maven2/org/glassfish/hk2/hk2-parent/3.0.1/hk2-parent-3.0.1.pom
2024-02-06 10:13:15,984 [Worker-19: Importing Maven projects] INFO  o.e.m.c.i.e.AbstractTransferListenerAdapter - Downloading https://repo.maven.apache.org/maven2/org/glassfish/hk2/external/aopalliance-repackaged/3.0.1/aopalliance-repackaged-3.0.1.pom
2024-02-06 10:13:15,988 [Worker-19: Importing Maven projects] INFO  o.e.m.c.i.e.AbstractTransferListenerAdapter - Downloaded https://repo.maven.apache.org/maven2/org/glassfish/hk2/external/aopalliance-repackaged/3.0.1/aopalliance-repackaged-3.0.1.pom
2024-02-06 10:13:16,018 [Worker-19: Importing Maven projects] INFO  o.e.m.c.i.e.AbstractTransferListenerAdapter - Downloading https://repo.maven.apache.org/maven2/org/glassfish/hk2/external/3.0.1/external-3.0.1.pom
2024-02-06 10:13:16,021 [Worker-19: Importing Maven projects] INFO  o.e.m.c.i.e.AbstractTransferListenerAdapter - Downloaded https://repo.maven.apache.org/maven2/org/glassfish/hk2/external/3.0.1/external-3.0.1.pom
2024-02-06 10:13:16,051 [Worker-19: Importing Maven projects] INFO  o.e.m.c.i.e.AbstractTransferListenerAdapter - Downloading https://repo.maven.apache.org/maven2/org/glassfish/hk2/hk2-api/3.0.1/hk2-api-3.0.1.pom
2024-02-06 10:13:16,054 [Worker-19: Importing Maven projects] INFO  o.e.m.c.i.e.AbstractTransferListenerAdapter - Downloaded https://repo.maven.apache.org/maven2/org/glassfish/hk2/hk2-api/3.0.1/hk2-api-3.0.1.pom
2024-02-06 10:13:16,093 [Worker-19: Importing Maven projects] INFO  o.e.m.c.i.e.AbstractTransferListenerAdapter - Downloading https://repo.maven.apache.org/maven2/org/glassfish/hk2/hk2-utils/3.0.1/hk2-utils-3.0.1.pom
2024-02-06 10:13:16,097 [Worker-19: Importing Maven projects] INFO  o.e.m.c.i.e.AbstractTransferListenerAdapter - Downloaded https://repo.maven.apache.org/maven2/org/glassfish/hk2/hk2-utils/3.0.1/hk2-utils-3.0.1.pom
2024-02-06 10:13:16,131 [Worker-19: Importing Maven projects] INFO  o.e.m.c.i.e.AbstractTransferListenerAdapter - Downloading https://repo.maven.apache.org/maven2/org/glassfish/jersey/media/jersey-media-json-binding/3.0.2/jersey-media-json-binding-3.0.2.pom
2024-02-06 10:13:16,134 [Worker-19: Importing Maven projects] INFO  o.e.m.c.i.e.AbstractTransferListenerAdapter - Downloaded https://repo.maven.apache.org/maven2/org/glassfish/jersey/media/jersey-media-json-binding/3.0.2/jersey-media-json-binding-3.0.2.pom
2024-02-06 10:13:16,164 [Worker-19: Importing Maven projects] INFO  o.e.m.c.i.e.AbstractTransferListenerAdapter - Downloading https://repo.maven.apache.org/maven2/org/glassfish/jersey/media/project/3.0.2/project-3.0.2.pom
2024-02-06 10:13:16,167 [Worker-19: Importing Maven projects] INFO  o.e.m.c.i.e.AbstractTransferListenerAdapter - Downloaded https://repo.maven.apache.org/maven2/org/glassfish/jersey/media/project/3.0.2/project-3.0.2.pom
2024-02-06 10:13:16,199 [Worker-19: Importing Maven projects] INFO  o.e.m.c.i.e.AbstractTransferListenerAdapter - Downloading https://repo.maven.apache.org/maven2/jakarta/json/jakarta.json-api/2.0.0/jakarta.json-api-2.0.0.pom
2024-02-06 10:13:16,202 [Worker-19: Importing Maven projects] INFO  o.e.m.c.i.e.AbstractTransferListenerAdapter - Downloaded https://repo.maven.apache.org/maven2/jakarta/json/jakarta.json-api/2.0.0/jakarta.json-api-2.0.0.pom
2024-02-06 10:13:16,233 [Worker-19: Importing Maven projects] INFO  o.e.m.c.i.e.AbstractTransferListenerAdapter - Downloading https://repo.maven.apache.org/maven2/jakarta/json/bind/jakarta.json.bind-api/2.0.0/jakarta.json.bind-api-2.0.0.pom
2024-02-06 10:13:16,239 [Worker-19: Importing Maven projects] INFO  o.e.m.c.i.e.AbstractTransferListenerAdapter - Downloaded https://repo.maven.apache.org/maven2/jakarta/json/bind/jakarta.json.bind-api/2.0.0/jakarta.json.bind-api-2.0.0.pom
2024-02-06 10:13:16,271 [Worker-19: Importing Maven projects] INFO  o.e.m.c.i.e.AbstractTransferListenerAdapter - Downloading https://repo.maven.apache.org/maven2/org/glassfish/jakarta.json/2.0.0/jakarta.json-2.0.0.pom
2024-02-06 10:13:16,273 [Worker-19: Importing Maven projects] INFO  o.e.m.c.i.e.AbstractTransferListenerAdapter - Downloaded https://repo.maven.apache.org/maven2/org/glassfish/jakarta.json/2.0.0/jakarta.json-2.0.0.pom
2024-02-06 10:13:16,302 [Worker-19: Importing Maven projects] INFO  o.e.m.c.i.e.AbstractTransferListenerAdapter - Downloading https://repo.maven.apache.org/maven2/org/glassfish/json/2.0.0/json-2.0.0.pom
2024-02-06 10:13:16,308 [Worker-19: Importing Maven projects] INFO  o.e.m.c.i.e.AbstractTransferListenerAdapter - Downloaded https://repo.maven.apache.org/maven2/org/glassfish/json/2.0.0/json-2.0.0.pom
2024-02-06 10:13:16,340 [Worker-19: Importing Maven projects] INFO  o.e.m.c.i.e.AbstractTransferListenerAdapter - Downloading https://repo.maven.apache.org/maven2/org/eclipse/yasson/2.0.1/yasson-2.0.1.pom
2024-02-06 10:13:16,346 [Worker-19: Importing Maven projects] INFO  o.e.m.c.i.e.AbstractTransferListenerAdapter - Downloaded https://repo.maven.apache.org/maven2/org/eclipse/yasson/2.0.1/yasson-2.0.1.pom
2024-02-06 10:13:16,448 [Worker-19: Importing Maven projects] INFO  o.e.m.c.i.e.AbstractTransferListenerAdapter - Downloading https://repo.maven.apache.org/maven2/mysql/mysql-connector-java/6.0.4/mysql-connector-java-6.0.4.pom
2024-02-06 10:13:16,451 [Worker-19: Importing Maven projects] INFO  o.e.m.c.i.e.AbstractTransferListenerAdapter - Downloaded https://repo.maven.apache.org/maven2/mysql/mysql-connector-java/6.0.4/mysql-connector-java-6.0.4.pom
2024-02-06 10:13:16,568 [Worker-19: Importing Maven projects] INFO  o.e.m.c.i.e.AbstractTransferListenerAdapter - Downloading https://repo.maven.apache.org/maven2/org/glassfish/jersey/containers/jersey-container-servlet-core/3.0.2/jersey-container-servlet-core-3.0.2.jar
2024-02-06 10:13:16,582 [Worker-19: Importing Maven projects] INFO  o.e.m.c.i.e.AbstractTransferListenerAdapter - Downloaded https://repo.maven.apache.org/maven2/org/glassfish/jersey/containers/jersey-container-servlet-core/3.0.2/jersey-container-servlet-core-3.0.2.jar
2024-02-06 10:13:16,607 [BasicRepositoryConnector-repo.maven.apache.org-0-0] INFO  o.e.m.c.i.e.AbstractTransferListenerAdapter - Downloading https://repo.maven.apache.org/maven2/jakarta/inject/jakarta.inject-api/2.0.0/jakarta.inject-api-2.0.0.jar
2024-02-06 10:13:16,611 [BasicRepositoryConnector-repo.maven.apache.org-0-0] INFO  o.e.m.c.i.e.AbstractTransferListenerAdapter - Downloaded https://repo.maven.apache.org/maven2/jakarta/inject/jakarta.inject-api/2.0.0/jakarta.inject-api-2.0.0.jar
2024-02-06 10:13:16,642 [BasicRepositoryConnector-repo.maven.apache.org-0-0] INFO  o.e.m.c.i.e.AbstractTransferListenerAdapter - Downloading https://repo.maven.apache.org/maven2/jakarta/validation/jakarta.validation-api/3.0.0/jakarta.validation-api-3.0.0.jar
2024-02-06 10:13:16,655 [BasicRepositoryConnector-repo.maven.apache.org-0-0] INFO  o.e.m.c.i.e.AbstractTransferListenerAdapter - Downloaded https://repo.maven.apache.org/maven2/jakarta/validation/jakarta.validation-api/3.0.0/jakarta.validation-api-3.0.0.jar
2024-02-06 10:13:16,667 [BasicRepositoryConnector-repo.maven.apache.org-0-2] INFO  o.e.m.c.i.e.AbstractTransferListenerAdapter - Downloading https://repo.maven.apache.org/maven2/jakarta/annotation/jakarta.annotation-api/2.0.0/jakarta.annotation-api-2.0.0.jar
2024-02-06 10:13:16,669 [BasicRepositoryConnector-repo.maven.apache.org-0-4] INFO  o.e.m.c.i.e.AbstractTransferListenerAdapter - Downloading https://repo.maven.apache.org/maven2/org/glassfish/jersey/core/jersey-client/3.0.2/jersey-client-3.0.2.jar
2024-02-06 10:13:16,674 [BasicRepositoryConnector-repo.maven.apache.org-0-2] INFO  o.e.m.c.i.e.AbstractTransferListenerAdapter - Downloaded https://repo.maven.apache.org/maven2/jakarta/annotation/jakarta.annotation-api/2.0.0/jakarta.annotation-api-2.0.0.jar
2024-02-06 10:13:16,678 [BasicRepositoryConnector-repo.maven.apache.org-0-0] INFO  o.e.m.c.i.e.AbstractTransferListenerAdapter - Downloading https://repo.maven.apache.org/maven2/jakarta/ws/rs/jakarta.ws.rs-api/3.0.0/jakarta.ws.rs-api-3.0.0.jar
2024-02-06 10:13:16,699 [BasicRepositoryConnector-repo.maven.apache.org-0-0] INFO  o.e.m.c.i.e.AbstractTransferListenerAdapter - Downloaded https://repo.maven.apache.org/maven2/jakarta/ws/rs/jakarta.ws.rs-api/3.0.0/jakarta.ws.rs-api-3.0.0.jar
2024-02-06 10:13:16,725 [BasicRepositoryConnector-repo.maven.apache.org-0-0] INFO  o.e.m.c.i.e.AbstractTransferListenerAdapter - Downloading https://repo.maven.apache.org/maven2/org/glassfish/hk2/hk2-locator/3.0.1/hk2-locator-3.0.1.jar
2024-02-06 10:13:16,754 [BasicRepositoryConnector-repo.maven.apache.org-0-3] INFO  o.e.m.c.i.e.AbstractTransferListenerAdapter - Downloading https://repo.maven.apache.org/maven2/org/glassfish/jersey/core/jersey-server/3.0.2/jersey-server-3.0.2.jar
2024-02-06 10:13:16,760 [BasicRepositoryConnector-repo.maven.apache.org-0-1] INFO  o.e.m.c.i.e.AbstractTransferListenerAdapter - Downloading https://repo.maven.apache.org/maven2/org/glassfish/jersey/core/jersey-common/3.0.2/jersey-common-3.0.2.jar
2024-02-06 10:13:16,763 [BasicRepositoryConnector-repo.maven.apache.org-0-0] INFO  o.e.m.c.i.e.AbstractTransferListenerAdapter - Downloaded https://repo.maven.apache.org/maven2/org/glassfish/hk2/hk2-locator/3.0.1/hk2-locator-3.0.1.jar
2024-02-06 10:13:16,795 [BasicRepositoryConnector-repo.maven.apache.org-0-0] INFO  o.e.m.c.i.e.AbstractTransferListenerAdapter - Downloading https://repo.maven.apache.org/maven2/org/glassfish/hk2/external/aopalliance-repackaged/3.0.1/aopalliance-repackaged-3.0.1.jar
2024-02-06 10:13:16,803 [BasicRepositoryConnector-repo.maven.apache.org-0-4] INFO  o.e.m.c.i.e.AbstractTransferListenerAdapter - Downloaded https://repo.maven.apache.org/maven2/org/glassfish/jersey/core/jersey-client/3.0.2/jersey-client-3.0.2.jar
2024-02-06 10:13:16,803 [BasicRepositoryConnector-repo.maven.apache.org-0-0] INFO  o.e.m.c.i.e.AbstractTransferListenerAdapter - Downloaded https://repo.maven.apache.org/maven2/org/glassfish/hk2/external/aopalliance-repackaged/3.0.1/aopalliance-repackaged-3.0.1.jar
2024-02-06 10:13:16,809 [BasicRepositoryConnector-repo.maven.apache.org-0-2] INFO  o.e.m.c.i.e.AbstractTransferListenerAdapter - Downloading https://repo.maven.apache.org/maven2/org/glassfish/jersey/inject/jersey-hk2/3.0.2/jersey-hk2-3.0.2.jar
2024-02-06 10:13:16,851 [BasicRepositoryConnector-repo.maven.apache.org-0-4] INFO  o.e.m.c.i.e.AbstractTransferListenerAdapter - Downloading https://repo.maven.apache.org/maven2/org/glassfish/hk2/hk2-api/3.0.1/hk2-api-3.0.1.jar
2024-02-06 10:13:16,860 [BasicRepositoryConnector-repo.maven.apache.org-0-2] INFO  o.e.m.c.i.e.AbstractTransferListenerAdapter - Downloaded https://repo.maven.apache.org/maven2/org/glassfish/jersey/inject/jersey-hk2/3.0.2/jersey-hk2-3.0.2.jar
2024-02-06 10:13:16,884 [BasicRepositoryConnector-repo.maven.apache.org-0-0] INFO  o.e.m.c.i.e.AbstractTransferListenerAdapter - Downloading https://repo.maven.apache.org/maven2/org/glassfish/hk2/hk2-utils/3.0.1/hk2-utils-3.0.1.jar
2024-02-06 10:13:16,893 [BasicRepositoryConnector-repo.maven.apache.org-0-4] INFO  o.e.m.c.i.e.AbstractTransferListenerAdapter - Downloaded https://repo.maven.apache.org/maven2/org/glassfish/hk2/hk2-api/3.0.1/hk2-api-3.0.1.jar
2024-02-06 10:13:16,919 [BasicRepositoryConnector-repo.maven.apache.org-0-2] INFO  o.e.m.c.i.e.AbstractTransferListenerAdapter - Downloading https://repo.maven.apache.org/maven2/org/glassfish/jersey/media/jersey-media-json-binding/3.0.2/jersey-media-json-binding-3.0.2.jar
2024-02-06 10:13:16,928 [BasicRepositoryConnector-repo.maven.apache.org-0-0] INFO  o.e.m.c.i.e.AbstractTransferListenerAdapter - Downloaded https://repo.maven.apache.org/maven2/org/glassfish/hk2/hk2-utils/3.0.1/hk2-utils-3.0.1.jar
2024-02-06 10:13:16,936 [BasicRepositoryConnector-repo.maven.apache.org-0-2] INFO  o.e.m.c.i.e.AbstractTransferListenerAdapter - Downloaded https://repo.maven.apache.org/maven2/org/glassfish/jersey/media/jersey-media-json-binding/3.0.2/jersey-media-json-binding-3.0.2.jar
2024-02-06 10:13:16,938 [BasicRepositoryConnector-repo.maven.apache.org-0-4] INFO  o.e.m.c.i.e.AbstractTransferListenerAdapter - Downloading https://repo.maven.apache.org/maven2/jakarta/json/jakarta.json-api/2.0.0/jakarta.json-api-2.0.0.jar
2024-02-06 10:13:16,949 [BasicRepositoryConnector-repo.maven.apache.org-0-4] INFO  o.e.m.c.i.e.AbstractTransferListenerAdapter - Downloaded https://repo.maven.apache.org/maven2/jakarta/json/jakarta.json-api/2.0.0/jakarta.json-api-2.0.0.jar
2024-02-06 10:13:16,958 [BasicRepositoryConnector-repo.maven.apache.org-0-0] INFO  o.e.m.c.i.e.AbstractTransferListenerAdapter - Downloading https://repo.maven.apache.org/maven2/jakarta/json/bind/jakarta.json.bind-api/2.0.0/jakarta.json.bind-api-2.0.0.jar
2024-02-06 10:13:16,977 [BasicRepositoryConnector-repo.maven.apache.org-0-2] INFO  o.e.m.c.i.e.AbstractTransferListenerAdapter - Downloading https://repo.maven.apache.org/maven2/org/glassfish/jakarta.json/2.0.0/jakarta.json-2.0.0-module.jar
2024-02-06 10:13:16,979 [BasicRepositoryConnector-repo.maven.apache.org-0-0] INFO  o.e.m.c.i.e.AbstractTransferListenerAdapter - Downloaded https://repo.maven.apache.org/maven2/jakarta/json/bind/jakarta.json.bind-api/2.0.0/jakarta.json.bind-api-2.0.0.jar
2024-02-06 10:13:16,991 [BasicRepositoryConnector-repo.maven.apache.org-0-4] INFO  o.e.m.c.i.e.AbstractTransferListenerAdapter - Downloading https://repo.maven.apache.org/maven2/org/eclipse/yasson/2.0.1/yasson-2.0.1.jar
2024-02-06 10:13:17,078 [BasicRepositoryConnector-repo.maven.apache.org-0-2] INFO  o.e.m.c.i.e.AbstractTransferListenerAdapter - Downloaded https://repo.maven.apache.org/maven2/org/glassfish/jakarta.json/2.0.0/jakarta.json-2.0.0-module.jar
2024-02-06 10:13:17,104 [BasicRepositoryConnector-repo.maven.apache.org-0-4] INFO  o.e.m.c.i.e.AbstractTransferListenerAdapter - Downloaded https://repo.maven.apache.org/maven2/org/eclipse/yasson/2.0.1/yasson-2.0.1.jar
2024-02-06 10:13:17,118 [BasicRepositoryConnector-repo.maven.apache.org-0-0] INFO  o.e.m.c.i.e.AbstractTransferListenerAdapter - Downloading https://repo.maven.apache.org/maven2/mysql/mysql-connector-java/6.0.4/mysql-connector-java-6.0.4.jar
2024-02-06 10:13:17,213 [BasicRepositoryConnector-repo.maven.apache.org-0-1] INFO  o.e.m.c.i.e.AbstractTransferListenerAdapter - Downloaded https://repo.maven.apache.org/maven2/org/glassfish/jersey/core/jersey-common/3.0.2/jersey-common-3.0.2.jar
2024-02-06 10:13:17,489 [BasicRepositoryConnector-repo.maven.apache.org-0-3] INFO  o.e.m.c.i.e.AbstractTransferListenerAdapter - Downloaded https://repo.maven.apache.org/maven2/org/glassfish/jersey/core/jersey-server/3.0.2/jersey-server-3.0.2.jar
2024-02-06 10:13:17,813 [BasicRepositoryConnector-repo.maven.apache.org-0-0] INFO  o.e.m.c.i.e.AbstractTransferListenerAdapter - Downloaded https://repo.maven.apache.org/maven2/mysql/mysql-connector-java/6.0.4/mysql-connector-java-6.0.4.jar
2024-02-06 10:13:18,604 [Worker-19: Importing Maven projects] INFO  o.e.m.j.i.AbstractJavaProjectConfigurator - Adding source folder /crud/src/main/java
2024-02-06 10:13:18,605 [Worker-19: Importing Maven projects] INFO  o.e.m.j.i.AbstractJavaProjectConfigurator - Adding resource folder /crud/src/main/resources
2024-02-06 10:13:18,606 [Worker-19: Importing Maven projects] INFO  o.e.m.j.i.AbstractJavaProjectConfigurator - Adding source folder /crud/src/test/java
2024-02-06 10:13:18,606 [Worker-19: Importing Maven projects] INFO  o.e.m.j.i.AbstractJavaProjectConfigurator - Adding resource folder /crud/src/test/resources
2024-02-06 10:13:19,669 [Worker-20: Download sources and javadoc] INFO  o.e.m.c.i.e.AbstractTransferListenerAdapter - Downloading https://repo.maven.apache.org/maven2/org/glassfish/jersey/containers/jersey-container-servlet-core/3.0.2/jersey-container-servlet-core-3.0.2-sources.jar
2024-02-06 10:13:19,711 [Worker-20: Download sources and javadoc] INFO  o.e.m.c.i.e.AbstractTransferListenerAdapter - Downloaded https://repo.maven.apache.org/maven2/org/glassfish/jersey/containers/jersey-container-servlet-core/3.0.2/jersey-container-servlet-core-3.0.2-sources.jar
2024-02-06 10:13:19,716 [Worker-20: Download sources and javadoc] INFO  o.e.m.j.internal.DownloadSourcesJob - Downloaded sources for org.glassfish.jersey.containers:jersey-container-servlet-core:3.0.2
2024-02-06 10:13:19,828 [Worker-20: Download sources and javadoc] INFO  o.e.m.c.i.e.AbstractTransferListenerAdapter - Downloading https://repo.maven.apache.org/maven2/jakarta/inject/jakarta.inject-api/2.0.0/jakarta.inject-api-2.0.0-sources.jar
2024-02-06 10:13:19,833 [Worker-20: Download sources and javadoc] INFO  o.e.m.c.i.e.AbstractTransferListenerAdapter - Downloaded https://repo.maven.apache.org/maven2/jakarta/inject/jakarta.inject-api/2.0.0/jakarta.inject-api-2.0.0-sources.jar
2024-02-06 10:13:19,839 [Worker-20: Download sources and javadoc] INFO  o.e.m.j.internal.DownloadSourcesJob - Downloaded sources for jakarta.inject:jakarta.inject-api:2.0.0
2024-02-06 10:13:19,893 [Worker-19: Importing Maven projects] INFO  o.e.m.c.i.p.ProjectConfigurationManager - Imported and configured 1 project(s) in 7 sec
2024-02-06 10:13:20,044 [Worker-20: Download sources and javadoc] INFO  o.e.m.c.i.e.AbstractTransferListenerAdapter - Downloading https://repo.maven.apache.org/maven2/org/glassfish/jersey/core/jersey-common/3.0.2/jersey-common-3.0.2-sources.jar
2024-02-06 10:13:20,406 [Worker-20: Download sources and javadoc] INFO  o.e.m.c.i.e.AbstractTransferListenerAdapter - Downloaded https://repo.maven.apache.org/maven2/org/glassfish/jersey/core/jersey-common/3.0.2/jersey-common-3.0.2-sources.jar
2024-02-06 10:13:20,413 [Worker-20: Download sources and javadoc] INFO  o.e.m.j.internal.DownloadSourcesJob - Downloaded sources for org.glassfish.jersey.core:jersey-common:3.0.2
2024-02-06 10:13:20,550 [Worker-20: Download sources and javadoc] INFO  o.e.m.c.i.e.AbstractTransferListenerAdapter - Downloading https://repo.maven.apache.org/maven2/jakarta/annotation/jakarta.annotation-api/2.0.0/jakarta.annotation-api-2.0.0-sources.jar
2024-02-06 10:13:20,557 [Worker-20: Download sources and javadoc] INFO  o.e.m.c.i.e.AbstractTransferListenerAdapter - Downloaded https://repo.maven.apache.org/maven2/jakarta/annotation/jakarta.annotation-api/2.0.0/jakarta.annotation-api-2.0.0-sources.jar
2024-02-06 10:13:20,562 [Worker-20: Download sources and javadoc] INFO  o.e.m.j.internal.DownloadSourcesJob - Downloaded sources for jakarta.annotation:jakarta.annotation-api:2.0.0
2024-02-06 10:13:20,792 [Worker-20: Download sources and javadoc] INFO  o.e.m.c.i.e.AbstractTransferListenerAdapter - Downloading https://repo.maven.apache.org/maven2/org/glassfish/jersey/core/jersey-server/3.0.2/jersey-server-3.0.2-sources.jar
2024-02-06 10:13:20,992 [Worker-7: Building] INFO  o.a.m.s.f.DefaultMavenResourcesFiltering - skip non existing resourceDirectory C:\GBM\jax-rs\rest-api-using-jax-rs-crud-operation-\rest api using jax-rs\crud\src\main\resources
2024-02-06 10:13:20,998 [Worker-7: Building] INFO  o.a.m.s.f.DefaultMavenResourcesFiltering - skip non existing resourceDirectory C:\GBM\jax-rs\rest-api-using-jax-rs-crud-operation-\rest api using jax-rs\crud\src\test\resources
2024-02-06 10:13:21,505 [Worker-20: Download sources and javadoc] INFO  o.e.m.c.i.e.AbstractTransferListenerAdapter - Downloaded https://repo.maven.apache.org/maven2/org/glassfish/jersey/core/jersey-server/3.0.2/jersey-server-3.0.2-sources.jar
2024-02-06 10:13:21,513 [Worker-20: Download sources and javadoc] INFO  o.e.m.j.internal.DownloadSourcesJob - Downloaded sources for org.glassfish.jersey.core:jersey-server:3.0.2
2024-02-06 10:13:21,734 [Worker-20: Download sources and javadoc] INFO  o.e.m.c.i.e.AbstractTransferListenerAdapter - Downloading https://repo.maven.apache.org/maven2/org/glassfish/jersey/core/jersey-client/3.0.2/jersey-client-3.0.2-sources.jar
2024-02-06 10:13:21,891 [Worker-20: Download sources and javadoc] INFO  o.e.m.c.i.e.AbstractTransferListenerAdapter - Downloaded https://repo.maven.apache.org/maven2/org/glassfish/jersey/core/jersey-client/3.0.2/jersey-client-3.0.2-sources.jar
2024-02-06 10:13:21,896 [Worker-20: Download sources and javadoc] INFO  o.e.m.j.internal.DownloadSourcesJob - Downloaded sources for org.glassfish.jersey.core:jersey-client:3.0.2
2024-02-06 10:13:22,027 [Worker-20: Download sources and javadoc] INFO  o.e.m.c.i.e.AbstractTransferListenerAdapter - Downloading https://repo.maven.apache.org/maven2/jakarta/validation/jakarta.validation-api/3.0.0/jakarta.validation-api-3.0.0-sources.jar
2024-02-06 10:13:22,082 [Worker-20: Download sources and javadoc] INFO  o.e.m.c.i.e.AbstractTransferListenerAdapter - Downloaded https://repo.maven.apache.org/maven2/jakarta/validation/jakarta.validation-api/3.0.0/jakarta.validation-api-3.0.0-sources.jar
2024-02-06 10:13:22,087 [Worker-20: Download sources and javadoc] INFO  o.e.m.j.internal.DownloadSourcesJob - Downloaded sources for jakarta.validation:jakarta.validation-api:3.0.0
2024-02-06 10:13:22,216 [Worker-20: Download sources and javadoc] INFO  o.e.m.c.i.e.AbstractTransferListenerAdapter - Downloading https://repo.maven.apache.org/maven2/jakarta/ws/rs/jakarta.ws.rs-api/3.0.0/jakarta.ws.rs-api-3.0.0-sources.jar
2024-02-06 10:13:22,383 [Worker-20: Download sources and javadoc] INFO  o.e.m.c.i.e.AbstractTransferListenerAdapter - Downloaded https://repo.maven.apache.org/maven2/jakarta/ws/rs/jakarta.ws.rs-api/3.0.0/jakarta.ws.rs-api-3.0.0-sources.jar
2024-02-06 10:13:22,388 [Worker-20: Download sources and javadoc] INFO  o.e.m.j.internal.DownloadSourcesJob - Downloaded sources for jakarta.ws.rs:jakarta.ws.rs-api:3.0.0
2024-02-06 10:13:22,628 [Worker-20: Download sources and javadoc] INFO  o.e.m.c.i.e.AbstractTransferListenerAdapter - Downloading https://repo.maven.apache.org/maven2/org/glassfish/jersey/inject/jersey-hk2/3.0.2/jersey-hk2-3.0.2-sources.jar
2024-02-06 10:13:22,653 [Worker-20: Download sources and javadoc] INFO  o.e.m.c.i.e.AbstractTransferListenerAdapter - Downloaded https://repo.maven.apache.org/maven2/org/glassfish/jersey/inject/jersey-hk2/3.0.2/jersey-hk2-3.0.2-sources.jar
2024-02-06 10:13:22,657 [Worker-20: Download sources and javadoc] INFO  o.e.m.j.internal.DownloadSourcesJob - Downloaded sources for org.glassfish.jersey.inject:jersey-hk2:3.0.2
2024-02-06 10:13:22,846 [Worker-20: Download sources and javadoc] INFO  o.e.m.c.i.e.AbstractTransferListenerAdapter - Downloading https://repo.maven.apache.org/maven2/org/glassfish/hk2/hk2-locator/3.0.1/hk2-locator-3.0.1-sources.jar
2024-02-06 10:13:22,941 [Worker-20: Download sources and javadoc] INFO  o.e.m.c.i.e.AbstractTransferListenerAdapter - Downloaded https://repo.maven.apache.org/maven2/org/glassfish/hk2/hk2-locator/3.0.1/hk2-locator-3.0.1-sources.jar
2024-02-06 10:13:22,945 [Worker-20: Download sources and javadoc] INFO  o.e.m.j.internal.DownloadSourcesJob - Downloaded sources for org.glassfish.hk2:hk2-locator:3.0.1
2024-02-06 10:13:23,149 [Worker-20: Download sources and javadoc] INFO  o.e.m.c.i.e.AbstractTransferListenerAdapter - Downloading https://repo.maven.apache.org/maven2/org/glassfish/hk2/external/aopalliance-repackaged/3.0.1/aopalliance-repackaged-3.0.1-sources.jar
2024-02-06 10:13:23,170 [Worker-20: Download sources and javadoc] INFO  o.e.m.c.i.e.AbstractTransferListenerAdapter - Downloaded https://repo.maven.apache.org/maven2/org/glassfish/hk2/external/aopalliance-repackaged/3.0.1/aopalliance-repackaged-3.0.1-sources.jar
2024-02-06 10:13:23,175 [Worker-20: Download sources and javadoc] INFO  o.e.m.j.internal.DownloadSourcesJob - Downloaded sources for org.glassfish.hk2.external:aopalliance-repackaged:3.0.1
2024-02-06 10:13:23,388 [Worker-20: Download sources and javadoc] INFO  o.e.m.c.i.e.AbstractTransferListenerAdapter - Downloading https://repo.maven.apache.org/maven2/org/glassfish/hk2/hk2-api/3.0.1/hk2-api-3.0.1-sources.jar
2024-02-06 10:13:23,596 [Worker-20: Download sources and javadoc] INFO  o.e.m.c.i.e.AbstractTransferListenerAdapter - Downloaded https://repo.maven.apache.org/maven2/org/glassfish/hk2/hk2-api/3.0.1/hk2-api-3.0.1-sources.jar
2024-02-06 10:13:23,607 [Worker-20: Download sources and javadoc] INFO  o.e.m.j.internal.DownloadSourcesJob - Downloaded sources for org.glassfish.hk2:hk2-api:3.0.1
2024-02-06 10:13:23,820 [Worker-20: Download sources and javadoc] INFO  o.e.m.c.i.e.AbstractTransferListenerAdapter - Downloading https://repo.maven.apache.org/maven2/org/glassfish/hk2/hk2-utils/3.0.1/hk2-utils-3.0.1-sources.jar
2024-02-06 10:13:23,860 [Worker-20: Download sources and javadoc] INFO  o.e.m.c.i.e.AbstractTransferListenerAdapter - Downloaded https://repo.maven.apache.org/maven2/org/glassfish/hk2/hk2-utils/3.0.1/hk2-utils-3.0.1-sources.jar
2024-02-06 10:13:23,864 [Worker-20: Download sources and javadoc] INFO  o.e.m.j.internal.DownloadSourcesJob - Downloaded sources for org.glassfish.hk2:hk2-utils:3.0.1
2024-02-06 10:13:24,006 [Worker-20: Download sources and javadoc] INFO  o.e.m.c.i.e.AbstractTransferListenerAdapter - Downloading https://repo.maven.apache.org/maven2/org/javassist/javassist/3.25.0-GA/javassist-3.25.0-GA-sources.jar
2024-02-06 10:13:24,145 [Worker-20: Download sources and javadoc] INFO  o.e.m.c.i.e.AbstractTransferListenerAdapter - Downloaded https://repo.maven.apache.org/maven2/org/javassist/javassist/3.25.0-GA/javassist-3.25.0-GA-sources.jar
2024-02-06 10:13:24,148 [Worker-20: Download sources and javadoc] INFO  o.e.m.j.internal.DownloadSourcesJob - Downloaded sources for org.javassist:javassist:3.25.0-GA
2024-02-06 10:13:24,329 [Worker-20: Download sources and javadoc] INFO  o.e.m.c.i.e.AbstractTransferListenerAdapter - Downloading https://repo.maven.apache.org/maven2/org/glassfish/jersey/media/jersey-media-json-binding/3.0.2/jersey-media-json-binding-3.0.2-sources.jar
2024-02-06 10:13:24,336 [Worker-20: Download sources and javadoc] INFO  o.e.m.c.i.e.AbstractTransferListenerAdapter - Downloaded https://repo.maven.apache.org/maven2/org/glassfish/jersey/media/jersey-media-json-binding/3.0.2/jersey-media-json-binding-3.0.2-sources.jar
2024-02-06 10:13:24,339 [Worker-20: Download sources and javadoc] INFO  o.e.m.j.internal.DownloadSourcesJob - Downloaded sources for org.glassfish.jersey.media:jersey-media-json-binding:3.0.2
2024-02-06 10:13:24,532 [Worker-20: Download sources and javadoc] INFO  o.e.m.c.i.e.AbstractTransferListenerAdapter - Downloading https://repo.maven.apache.org/maven2/jakarta/json/jakarta.json-api/2.0.0/jakarta.json-api-2.0.0-sources.jar
2024-02-06 10:13:24,588 [Worker-20: Download sources and javadoc] INFO  o.e.m.c.i.e.AbstractTransferListenerAdapter - Downloaded https://repo.maven.apache.org/maven2/jakarta/json/jakarta.json-api/2.0.0/jakarta.json-api-2.0.0-sources.jar
2024-02-06 10:13:24,592 [Worker-20: Download sources and javadoc] INFO  o.e.m.j.internal.DownloadSourcesJob - Downloaded sources for jakarta.json:jakarta.json-api:2.0.0
2024-02-06 10:13:24,670 [Worker-20: Download sources and javadoc] INFO  o.e.m.c.i.e.AbstractTransferListenerAdapter - Downloading https://repo.maven.apache.org/maven2/jakarta/json/bind/jakarta.json.bind-api/2.0.0/jakarta.json.bind-api-2.0.0-sources.jar
2024-02-06 10:13:24,688 [Worker-20: Download sources and javadoc] INFO  o.e.m.c.i.e.AbstractTransferListenerAdapter - Downloaded https://repo.maven.apache.org/maven2/jakarta/json/bind/jakarta.json.bind-api/2.0.0/jakarta.json.bind-api-2.0.0-sources.jar
2024-02-06 10:13:24,693 [Worker-20: Download sources and javadoc] INFO  o.e.m.j.internal.DownloadSourcesJob - Downloaded sources for jakarta.json.bind:jakarta.json.bind-api:2.0.0
2024-02-06 10:13:24,824 [Worker-20: Download sources and javadoc] INFO  o.e.m.c.i.e.AbstractTransferListenerAdapter - Downloading https://repo.maven.apache.org/maven2/org/glassfish/jakarta.json/2.0.0/jakarta.json-2.0.0-sources.jar
2024-02-06 10:13:24,892 [Worker-20: Download sources and javadoc] INFO  o.e.m.c.i.e.AbstractTransferListenerAdapter - Downloaded https://repo.maven.apache.org/maven2/org/glassfish/jakarta.json/2.0.0/jakarta.json-2.0.0-sources.jar
2024-02-06 10:13:24,896 [Worker-20: Download sources and javadoc] INFO  o.e.m.j.internal.DownloadSourcesJob - Downloaded sources for org.glassfish:jakarta.json:2.0.0module
2024-02-06 10:13:25,077 [Worker-20: Download sources and javadoc] INFO  o.e.m.c.i.e.AbstractTransferListenerAdapter - Downloading https://repo.maven.apache.org/maven2/org/eclipse/yasson/2.0.1/yasson-2.0.1-sources.jar
2024-02-06 10:13:25,194 [Worker-20: Download sources and javadoc] INFO  o.e.m.c.i.e.AbstractTransferListenerAdapter - Downloaded https://repo.maven.apache.org/maven2/org/eclipse/yasson/2.0.1/yasson-2.0.1-sources.jar
2024-02-06 10:13:25,196 [Worker-20: Download sources and javadoc] INFO  o.e.m.j.internal.DownloadSourcesJob - Downloaded sources for org.eclipse:yasson:2.0.1
2024-02-06 10:13:25,394 [Worker-20: Download sources and javadoc] INFO  o.e.m.c.i.e.AbstractTransferListenerAdapter - Downloading https://repo.maven.apache.org/maven2/mysql/mysql-connector-java/6.0.4/mysql-connector-java-6.0.4-sources.jar
2024-02-06 10:13:26,323 [Worker-20: Download sources and javadoc] INFO  o.e.m.c.i.e.AbstractTransferListenerAdapter - Downloaded https://repo.maven.apache.org/maven2/mysql/mysql-connector-java/6.0.4/mysql-connector-java-6.0.4-sources.jar
2024-02-06 10:13:26,326 [Worker-20: Download sources and javadoc] INFO  o.e.m.j.internal.DownloadSourcesJob - Downloaded sources for mysql:mysql-connector-java:6.0.4
2024-02-06 10:14:03,985 [Worker-4: Building] INFO  o.a.m.s.f.DefaultMavenResourcesFiltering - skip non existing resourceDirectory C:\GBM\jax-rs\rest-api-using-jax-rs-crud-operation-\rest api using jax-rs\crud\src\main\resources
2024-02-06 10:14:03,991 [Worker-4: Building] INFO  o.a.m.s.f.DefaultMavenResourcesFiltering - skip non existing resourceDirectory C:\GBM\jax-rs\rest-api-using-jax-rs-crud-operation-\rest api using jax-rs\crud\src\test\resources
2024-02-06 10:18:09,389 [Worker-4: Building] INFO  o.a.m.s.f.DefaultMavenResourcesFiltering - skip non existing resourceDirectory C:\GBM\jax-rs\rest-api-using-jax-rs-crud-operation-\rest api using jax-rs\crud\src\main\resources
2024-02-06 10:18:09,392 [Worker-4: Building] INFO  o.a.m.s.f.DefaultMavenResourcesFiltering - skip non existing resourceDirectory C:\GBM\jax-rs\rest-api-using-jax-rs-crud-operation-\rest api using jax-rs\crud\src\test\resources
2024-02-06 10:19:43,290 [Worker-4: Loading available Gradle versions] INFO  o.e.b.c.i.u.g.PublishedGradleVersions - Gradle version information cache is up-to-date. Trying to read.
2024-02-06 10:21:03,898 [Worker-4: Building] INFO  o.a.m.s.f.DefaultMavenResourcesFiltering - skip non existing resourceDirectory C:\GBM\jax-rs\rest-api-using-jax-rs-crud-operation-\rest api using jax-rs\crud\src\main\resources
2024-02-06 10:21:03,902 [Worker-4: Building] INFO  o.a.m.s.f.DefaultMavenResourcesFiltering - skip non existing resourceDirectory C:\GBM\jax-rs\rest-api-using-jax-rs-crud-operation-\rest api using jax-rs\crud\src\test\resources
2024-02-06 10:23:19,047 [Worker-7: Building] INFO  o.a.m.s.f.DefaultMavenResourcesFiltering - skip non existing resourceDirectory C:\GBM\jax-rs\rest-api-using-jax-rs-crud-operation-\rest api using jax-rs\crud\src\main\resources
2024-02-06 10:23:19,049 [Worker-7: Building] INFO  o.a.m.s.f.DefaultMavenResourcesFiltering - skip non existing resourceDirectory C:\GBM\jax-rs\rest-api-using-jax-rs-crud-operation-\rest api using jax-rs\crud\src\test\resources
2024-02-06 10:24:59,633 [Worker-16: Building] INFO  o.a.m.s.f.DefaultMavenResourcesFiltering - skip non existing resourceDirectory C:\GBM\jax-rs\rest-api-using-jax-rs-crud-operation-\rest api using jax-rs\crud\src\main\resources
2024-02-06 10:24:59,636 [Worker-16: Building] INFO  o.a.m.s.f.DefaultMavenResourcesFiltering - skip non existing resourceDirectory C:\GBM\jax-rs\rest-api-using-jax-rs-crud-operation-\rest api using jax-rs\crud\src\test\resources
2024-02-06 10:25:49,762 [Worker-16: Building] INFO  o.a.m.s.f.DefaultMavenResourcesFiltering - skip non existing resourceDirectory C:\GBM\jax-rs\rest-api-using-jax-rs-crud-operation-\rest api using jax-rs\crud\src\main\resources
2024-02-06 10:25:49,764 [Worker-16: Building] INFO  o.a.m.s.f.DefaultMavenResourcesFiltering - skip non existing resourceDirectory C:\GBM\jax-rs\rest-api-using-jax-rs-crud-operation-\rest api using jax-rs\crud\src\test\resources
2024-02-06 10:31:37,100 [Worker-20: Building] INFO  o.a.m.s.f.DefaultMavenResourcesFiltering - skip non existing resourceDirectory C:\GBM\jax-rs\rest-api-using-jax-rs-crud-operation-\rest api using jax-rs\crud\src\main\resources
2024-02-06 10:31:37,102 [Worker-20: Building] INFO  o.a.m.s.f.DefaultMavenResourcesFiltering - skip non existing resourceDirectory C:\GBM\jax-rs\rest-api-using-jax-rs-crud-operation-\rest api using jax-rs\crud\src\test\resources
2024-02-06 10:32:03,570 [Worker-20: Building] INFO  o.a.m.s.f.DefaultMavenResourcesFiltering - skip non existing resourceDirectory C:\GBM\jax-rs\rest-api-using-jax-rs-crud-operation-\rest api using jax-rs\crud\src\main\resources
2024-02-06 10:32:03,572 [Worker-20: Building] INFO  o.a.m.s.f.DefaultMavenResourcesFiltering - skip non existing resourceDirectory C:\GBM\jax-rs\rest-api-using-jax-rs-crud-operation-\rest api using jax-rs\crud\src\test\resources
2024-02-06 10:32:07,917 [Worker-24: Building] INFO  o.a.m.s.f.DefaultMavenResourcesFiltering - skip non existing resourceDirectory C:\GBM\jax-rs\rest-api-using-jax-rs-crud-operation-\rest api using jax-rs\crud\src\main\resources
2024-02-06 10:32:07,919 [Worker-24: Building] INFO  o.a.m.s.f.DefaultMavenResourcesFiltering - skip non existing resourceDirectory C:\GBM\jax-rs\rest-api-using-jax-rs-crud-operation-\rest api using jax-rs\crud\src\test\resources
2024-02-06 10:32:10,020 [Worker-24: Building] INFO  o.a.m.s.f.DefaultMavenResourcesFiltering - skip non existing resourceDirectory C:\GBM\jax-rs\rest-api-using-jax-rs-crud-operation-\rest api using jax-rs\crud\src\main\resources
2024-02-06 10:32:10,027 [Worker-24: Building] INFO  o.a.m.s.f.DefaultMavenResourcesFiltering - skip non existing resourceDirectory C:\GBM\jax-rs\rest-api-using-jax-rs-crud-operation-\rest api using jax-rs\crud\src\test\resources
2024-02-06 10:32:59,308 [Worker-24: Building] INFO  o.a.m.s.f.DefaultMavenResourcesFiltering - skip non existing resourceDirectory C:\GBM\jax-rs\rest-api-using-jax-rs-crud-operation-\rest api using jax-rs\crud\src\main\resources
2024-02-06 10:32:59,310 [Worker-24: Building] INFO  o.a.m.s.f.DefaultMavenResourcesFiltering - skip non existing resourceDirectory C:\GBM\jax-rs\rest-api-using-jax-rs-crud-operation-\rest api using jax-rs\crud\src\test\resources
2024-02-06 10:33:31,243 [Worker-25: Building] INFO  o.a.m.s.f.DefaultMavenResourcesFiltering - skip non existing resourceDirectory C:\GBM\jax-rs\rest-api-using-jax-rs-crud-operation-\rest api using jax-rs\crud\src\main\resources
2024-02-06 10:33:31,245 [Worker-25: Building] INFO  o.a.m.s.f.DefaultMavenResourcesFiltering - skip non existing resourceDirectory C:\GBM\jax-rs\rest-api-using-jax-rs-crud-operation-\rest api using jax-rs\crud\src\test\resources
2024-02-06 10:34:11,081 [Worker-22: Building] INFO  o.a.m.s.f.DefaultMavenResourcesFiltering - skip non existing resourceDirectory C:\GBM\jax-rs\rest-api-using-jax-rs-crud-operation-\rest api using jax-rs\crud\src\main\resources
2024-02-06 10:34:11,083 [Worker-22: Building] INFO  o.a.m.s.f.DefaultMavenResourcesFiltering - skip non existing resourceDirectory C:\GBM\jax-rs\rest-api-using-jax-rs-crud-operation-\rest api using jax-rs\crud\src\test\resources
2024-02-06 10:34:21,463 [Worker-22: Building] INFO  o.a.m.s.f.DefaultMavenResourcesFiltering - skip non existing resourceDirectory C:\GBM\jax-rs\rest-api-using-jax-rs-crud-operation-\rest api using jax-rs\crud\src\main\resources
2024-02-06 10:34:21,465 [Worker-22: Building] INFO  o.a.m.s.f.DefaultMavenResourcesFiltering - skip non existing resourceDirectory C:\GBM\jax-rs\rest-api-using-jax-rs-crud-operation-\rest api using jax-rs\crud\src\test\resources
2024-02-06 10:37:53,782 [Worker-22: Building] INFO  o.a.m.s.f.DefaultMavenResourcesFiltering - skip non existing resourceDirectory C:\GBM\jax-rs\rest-api-using-jax-rs-crud-operation-\rest api using jax-rs\crud\src\main\resources
2024-02-06 10:37:53,785 [Worker-22: Building] INFO  o.a.m.s.f.DefaultMavenResourcesFiltering - skip non existing resourceDirectory C:\GBM\jax-rs\rest-api-using-jax-rs-crud-operation-\rest api using jax-rs\crud\src\test\resources
2024-02-06 10:43:14,251 [Worker-30: Building] INFO  o.e.m.c.i.l.LifecycleMappingFactory - Using org.maven.ide.eclipse.wtp.WarLifecycleMapping lifecycle mapping for MavenProject: org.restapi.crud:crud:0.0.1-SNAPSHOT @ C:\GBM\jax-rs\rest-api-using-jax-rs-crud-operation-\rest api using jax-rs\GBM10\pom.xml.
2024-02-06 10:43:15,451 [Worker-30: Building] INFO  o.a.m.s.f.DefaultMavenResourcesFiltering - skip non existing resourceDirectory C:\GBM\jax-rs\rest-api-using-jax-rs-crud-operation-\rest api using jax-rs\GBM10\src\main\resources
2024-02-06 10:43:15,456 [Worker-30: Building] INFO  o.a.m.s.f.DefaultMavenResourcesFiltering - skip non existing resourceDirectory C:\GBM\jax-rs\rest-api-using-jax-rs-crud-operation-\rest api using jax-rs\GBM10\src\test\resources
2024-02-06 10:43:39,376 [Worker-35: Updating Maven Project] INFO  o.e.m.c.i.p.ProjectConfigurationManager - Update started
2024-02-06 10:43:39,697 [Worker-35: Updating Maven Project] INFO  o.e.m.c.i.l.LifecycleMappingFactory - Using org.maven.ide.eclipse.wtp.WarLifecycleMapping lifecycle mapping for MavenProject: org.restapi.crud:crud:0.0.1-SNAPSHOT @ C:\GBM\jax-rs\rest-api-using-jax-rs-crud-operation-\rest api using jax-rs\GBM10\pom.xml.
2024-02-06 10:43:40,253 [Worker-35: Updating Maven Project] INFO  o.e.m.j.i.AbstractJavaProjectConfigurator - Adding source folder /GBM10/src/main/java
2024-02-06 10:43:40,253 [Worker-35: Updating Maven Project] INFO  o.e.m.j.i.AbstractJavaProjectConfigurator - Adding resource folder /GBM10/src/main/resources
2024-02-06 10:43:40,255 [Worker-35: Updating Maven Project] INFO  o.e.m.j.i.AbstractJavaProjectConfigurator - Adding source folder /GBM10/src/test/java
2024-02-06 10:43:40,256 [Worker-35: Updating Maven Project] INFO  o.e.m.j.i.AbstractJavaProjectConfigurator - Adding resource folder /GBM10/src/test/resources
2024-02-06 10:43:40,561 [Worker-35: Updating Maven Project] INFO  o.e.m.w.i.f.ResourceFilteringBuildParticipant - Cleaning filtered folder for GBM10
2024-02-06 10:43:40,585 [Worker-35: Updating Maven Project] INFO  o.e.m.c.i.p.ProjectConfigurationManager - Update completed for 1 poms: local refresh takes 0,00 sec, refresh facades takes 0,00 sec, update config takes 0,00 sec 
2024-02-06 10:43:40,790 [Worker-33: Building] INFO  o.a.m.s.f.DefaultMavenResourcesFiltering - skip non existing resourceDirectory C:\GBM\jax-rs\rest-api-using-jax-rs-crud-operation-\rest api using jax-rs\GBM10\src\main\resources
2024-02-06 10:43:40,795 [Worker-33: Building] INFO  o.a.m.s.f.DefaultMavenResourcesFiltering - skip non existing resourceDirectory C:\GBM\jax-rs\rest-api-using-jax-rs-crud-operation-\rest api using jax-rs\GBM10\src\test\resources
2024-02-06 10:43:40,797 [Worker-33: Building] INFO  o.e.m.w.i.f.ResourceFilteringBuildParticipant - Changed resources require a complete clean of filtered resources of GBM10
2024-02-06 10:43:40,798 [Worker-33: Building] INFO  o.e.m.w.i.f.ResourceFilteringBuildParticipant - Executing resource filtering for GBM10
2024-02-06 10:44:24,194 [Worker-30: Building] INFO  o.e.m.c.i.l.LifecycleMappingFactory - Using org.maven.ide.eclipse.wtp.WarLifecycleMapping lifecycle mapping for MavenProject: org.restapi.crud:crud:0.0.1-SNAPSHOT @ C:\GBM\jax-rs\rest-api-using-jax-rs-crud-operation-\rest api using jax-rs\crud\pom.xml.
2024-02-06 10:44:24,890 [Worker-30: Building] INFO  o.a.m.s.f.DefaultMavenResourcesFiltering - skip non existing resourceDirectory C:\GBM\jax-rs\rest-api-using-jax-rs-crud-operation-\rest api using jax-rs\crud\src\main\resources
2024-02-06 10:44:24,895 [Worker-30: Building] INFO  o.a.m.s.f.DefaultMavenResourcesFiltering - skip non existing resourceDirectory C:\GBM\jax-rs\rest-api-using-jax-rs-crud-operation-\rest api using jax-rs\crud\src\test\resources
2024-02-06 10:45:51,446 [Worker-32: Building] INFO  o.a.m.s.f.DefaultMavenResourcesFiltering - skip non existing resourceDirectory C:\GBM\jax-rs\rest-api-using-jax-rs-crud-operation-\rest api using jax-rs\crud\src\main\resources
2024-02-06 10:45:51,447 [Worker-32: Building] INFO  o.a.m.s.f.DefaultMavenResourcesFiltering - skip non existing resourceDirectory C:\GBM\jax-rs\rest-api-using-jax-rs-crud-operation-\rest api using jax-rs\crud\src\test\resources
2024-02-06 10:47:14,905 [Worker-35: Building] INFO  o.a.m.s.f.DefaultMavenResourcesFiltering - skip non existing resourceDirectory C:\GBM\jax-rs\rest-api-using-jax-rs-crud-operation-\rest api using jax-rs\crud\src\main\resources
2024-02-06 10:47:14,908 [Worker-35: Building] INFO  o.a.m.s.f.DefaultMavenResourcesFiltering - skip non existing resourceDirectory C:\GBM\jax-rs\rest-api-using-jax-rs-crud-operation-\rest api using jax-rs\crud\src\test\resources
2024-02-06 10:50:53,464 [Worker-32: Building] INFO  o.a.m.s.f.DefaultMavenResourcesFiltering - skip non existing resourceDirectory C:\GBM\jax-rs\rest-api-using-jax-rs-crud-operation-\rest api using jax-rs\crud\src\main\resources
2024-02-06 10:50:53,466 [Worker-32: Building] INFO  o.a.m.s.f.DefaultMavenResourcesFiltering - skip non existing resourceDirectory C:\GBM\jax-rs\rest-api-using-jax-rs-crud-operation-\rest api using jax-rs\crud\src\test\resources
2024-02-06 10:51:04,478 [Worker-32: Building] INFO  o.a.m.s.f.DefaultMavenResourcesFiltering - skip non existing resourceDirectory C:\GBM\jax-rs\rest-api-using-jax-rs-crud-operation-\rest api using jax-rs\crud\src\main\resources
2024-02-06 10:51:04,480 [Worker-32: Building] INFO  o.a.m.s.f.DefaultMavenResourcesFiltering - skip non existing resourceDirectory C:\GBM\jax-rs\rest-api-using-jax-rs-crud-operation-\rest api using jax-rs\crud\src\test\resources
2024-02-06 10:51:31,752 [Worker-32: Building] INFO  o.a.m.s.f.DefaultMavenResourcesFiltering - skip non existing resourceDirectory C:\GBM\jax-rs\rest-api-using-jax-rs-crud-operation-\rest api using jax-rs\crud\src\main\resources
2024-02-06 10:51:31,754 [Worker-32: Building] INFO  o.a.m.s.f.DefaultMavenResourcesFiltering - skip non existing resourceDirectory C:\GBM\jax-rs\rest-api-using-jax-rs-crud-operation-\rest api using jax-rs\crud\src\test\resources
2024-02-06 10:52:23,798 [Worker-30: Building] INFO  o.a.m.s.f.DefaultMavenResourcesFiltering - skip non existing resourceDirectory C:\GBM\jax-rs\rest-api-using-jax-rs-crud-operation-\rest api using jax-rs\crud\src\main\resources
2024-02-06 10:52:23,800 [Worker-30: Building] INFO  o.a.m.s.f.DefaultMavenResourcesFiltering - skip non existing resourceDirectory C:\GBM\jax-rs\rest-api-using-jax-rs-crud-operation-\rest api using jax-rs\crud\src\test\resources
2024-02-06 10:52:54,597 [Worker-35: Building] INFO  o.a.m.s.f.DefaultMavenResourcesFiltering - skip non existing resourceDirectory C:\GBM\jax-rs\rest-api-using-jax-rs-crud-operation-\rest api using jax-rs\crud\src\main\resources
2024-02-06 10:52:54,601 [Worker-35: Building] INFO  o.a.m.s.f.DefaultMavenResourcesFiltering - skip non existing resourceDirectory C:\GBM\jax-rs\rest-api-using-jax-rs-crud-operation-\rest api using jax-rs\crud\src\test\resources
2024-02-06 10:54:16,525 [Worker-36: Building] INFO  o.a.m.s.f.DefaultMavenResourcesFiltering - skip non existing resourceDirectory C:\GBM\jax-rs\rest-api-using-jax-rs-crud-operation-\rest api using jax-rs\crud\src\main\resources
2024-02-06 10:54:16,527 [Worker-36: Building] INFO  o.a.m.s.f.DefaultMavenResourcesFiltering - skip non existing resourceDirectory C:\GBM\jax-rs\rest-api-using-jax-rs-crud-operation-\rest api using jax-rs\crud\src\test\resources
2024-02-06 10:54:30,575 [Worker-36: Building] INFO  o.a.m.s.f.DefaultMavenResourcesFiltering - skip non existing resourceDirectory C:\GBM\jax-rs\rest-api-using-jax-rs-crud-operation-\rest api using jax-rs\crud\src\main\resources
2024-02-06 10:54:30,576 [Worker-36: Building] INFO  o.a.m.s.f.DefaultMavenResourcesFiltering - skip non existing resourceDirectory C:\GBM\jax-rs\rest-api-using-jax-rs-crud-operation-\rest api using jax-rs\crud\src\test\resources
2024-02-06 10:55:26,701 [Worker-32: Building] INFO  o.a.m.s.f.DefaultMavenResourcesFiltering - skip non existing resourceDirectory C:\GBM\jax-rs\rest-api-using-jax-rs-crud-operation-\rest api using jax-rs\crud\src\main\resources
2024-02-06 10:55:26,703 [Worker-32: Building] INFO  o.a.m.s.f.DefaultMavenResourcesFiltering - skip non existing resourceDirectory C:\GBM\jax-rs\rest-api-using-jax-rs-crud-operation-\rest api using jax-rs\crud\src\test\resources
2024-02-06 10:56:39,546 [Worker-32: Building] INFO  o.a.m.s.f.DefaultMavenResourcesFiltering - skip non existing resourceDirectory C:\GBM\jax-rs\rest-api-using-jax-rs-crud-operation-\rest api using jax-rs\crud\src\main\resources
2024-02-06 10:56:39,550 [Worker-32: Building] INFO  o.a.m.s.f.DefaultMavenResourcesFiltering - skip non existing resourceDirectory C:\GBM\jax-rs\rest-api-using-jax-rs-crud-operation-\rest api using jax-rs\crud\src\test\resources
2024-02-06 10:57:53,474 [Worker-31: Building] INFO  o.a.m.s.f.DefaultMavenResourcesFiltering - skip non existing resourceDirectory C:\GBM\jax-rs\rest-api-using-jax-rs-crud-operation-\rest api using jax-rs\crud\src\main\resources
2024-02-06 10:57:53,476 [Worker-31: Building] INFO  o.a.m.s.f.DefaultMavenResourcesFiltering - skip non existing resourceDirectory C:\GBM\jax-rs\rest-api-using-jax-rs-crud-operation-\rest api using jax-rs\crud\src\test\resources
2024-02-06 11:06:02,775 [Worker-34: Building] INFO  o.a.m.s.f.DefaultMavenResourcesFiltering - skip non existing resourceDirectory C:\GBM\jax-rs\rest-api-using-jax-rs-crud-operation-\rest api using jax-rs\crud\src\main\resources
2024-02-06 11:06:02,783 [Worker-34: Building] INFO  o.a.m.s.f.DefaultMavenResourcesFiltering - skip non existing resourceDirectory C:\GBM\jax-rs\rest-api-using-jax-rs-crud-operation-\rest api using jax-rs\crud\src\test\resources
2024-02-06 11:08:04,524 [Worker-39: Building] INFO  o.a.m.s.f.DefaultMavenResourcesFiltering - skip non existing resourceDirectory C:\GBM\jax-rs\rest-api-using-jax-rs-crud-operation-\rest api using jax-rs\crud\src\main\resources
2024-02-06 11:08:04,526 [Worker-39: Building] INFO  o.a.m.s.f.DefaultMavenResourcesFiltering - skip non existing resourceDirectory C:\GBM\jax-rs\rest-api-using-jax-rs-crud-operation-\rest api using jax-rs\crud\src\test\resources
2024-02-06 11:09:34,728 [Worker-38: Building] INFO  o.a.m.s.f.DefaultMavenResourcesFiltering - skip non existing resourceDirectory C:\GBM\jax-rs\rest-api-using-jax-rs-crud-operation-\rest api using jax-rs\crud\src\main\resources
2024-02-06 11:09:34,732 [Worker-38: Building] INFO  o.a.m.s.f.DefaultMavenResourcesFiltering - skip non existing resourceDirectory C:\GBM\jax-rs\rest-api-using-jax-rs-crud-operation-\rest api using jax-rs\crud\src\test\resources
2024-02-06 11:13:25,214 [Worker-42: Building] INFO  o.a.m.s.f.DefaultMavenResourcesFiltering - skip non existing resourceDirectory C:\GBM\jax-rs\rest-api-using-jax-rs-crud-operation-\rest api using jax-rs\crud\src\main\resources
2024-02-06 11:13:25,216 [Worker-42: Building] INFO  o.a.m.s.f.DefaultMavenResourcesFiltering - skip non existing resourceDirectory C:\GBM\jax-rs\rest-api-using-jax-rs-crud-operation-\rest api using jax-rs\crud\src\test\resources
2024-02-06 11:17:24,637 [Worker-39: Building] INFO  o.a.m.s.f.DefaultMavenResourcesFiltering - skip non existing resourceDirectory C:\GBM\jax-rs\rest-api-using-jax-rs-crud-operation-\rest api using jax-rs\crud\src\main\resources
2024-02-06 11:17:24,639 [Worker-39: Building] INFO  o.a.m.s.f.DefaultMavenResourcesFiltering - skip non existing resourceDirectory C:\GBM\jax-rs\rest-api-using-jax-rs-crud-operation-\rest api using jax-rs\crud\src\test\resources
2024-02-06 11:19:24,657 [Worker-44: Building] INFO  o.a.m.s.f.DefaultMavenResourcesFiltering - skip non existing resourceDirectory C:\GBM\jax-rs\rest-api-using-jax-rs-crud-operation-\rest api using jax-rs\crud\src\main\resources
2024-02-06 11:19:24,659 [Worker-44: Building] INFO  o.a.m.s.f.DefaultMavenResourcesFiltering - skip non existing resourceDirectory C:\GBM\jax-rs\rest-api-using-jax-rs-crud-operation-\rest api using jax-rs\crud\src\test\resources
2024-02-06 11:19:28,883 [Worker-46: Building] INFO  o.a.m.s.f.DefaultMavenResourcesFiltering - skip non existing resourceDirectory C:\GBM\jax-rs\rest-api-using-jax-rs-crud-operation-\rest api using jax-rs\crud\src\main\resources
2024-02-06 11:19:28,885 [Worker-46: Building] INFO  o.a.m.s.f.DefaultMavenResourcesFiltering - skip non existing resourceDirectory C:\GBM\jax-rs\rest-api-using-jax-rs-crud-operation-\rest api using jax-rs\crud\src\test\resources
2024-02-06 11:19:48,504 [Worker-43: Building] INFO  o.a.m.s.f.DefaultMavenResourcesFiltering - skip non existing resourceDirectory C:\GBM\jax-rs\rest-api-using-jax-rs-crud-operation-\rest api using jax-rs\crud\src\main\resources
2024-02-06 11:19:48,506 [Worker-43: Building] INFO  o.a.m.s.f.DefaultMavenResourcesFiltering - skip non existing resourceDirectory C:\GBM\jax-rs\rest-api-using-jax-rs-crud-operation-\rest api using jax-rs\crud\src\test\resources
2024-02-06 11:20:14,149 [Worker-46: Building] INFO  o.a.m.s.f.DefaultMavenResourcesFiltering - skip non existing resourceDirectory C:\GBM\jax-rs\rest-api-using-jax-rs-crud-operation-\rest api using jax-rs\crud\src\main\resources
2024-02-06 11:20:14,151 [Worker-46: Building] INFO  o.a.m.s.f.DefaultMavenResourcesFiltering - skip non existing resourceDirectory C:\GBM\jax-rs\rest-api-using-jax-rs-crud-operation-\rest api using jax-rs\crud\src\test\resources
2024-02-06 11:20:49,968 [Worker-39: Building] INFO  o.a.m.s.f.DefaultMavenResourcesFiltering - skip non existing resourceDirectory C:\GBM\jax-rs\rest-api-using-jax-rs-crud-operation-\rest api using jax-rs\crud\src\main\resources
2024-02-06 11:20:49,969 [Worker-39: Building] INFO  o.a.m.s.f.DefaultMavenResourcesFiltering - skip non existing resourceDirectory C:\GBM\jax-rs\rest-api-using-jax-rs-crud-operation-\rest api using jax-rs\crud\src\test\resources
2024-02-06 11:20:56,667 [Worker-44: Building] INFO  o.a.m.s.f.DefaultMavenResourcesFiltering - skip non existing resourceDirectory C:\GBM\jax-rs\rest-api-using-jax-rs-crud-operation-\rest api using jax-rs\crud\src\main\resources
2024-02-06 11:20:56,669 [Worker-44: Building] INFO  o.a.m.s.f.DefaultMavenResourcesFiltering - skip non existing resourceDirectory C:\GBM\jax-rs\rest-api-using-jax-rs-crud-operation-\rest api using jax-rs\crud\src\test\resources
2024-02-06 11:21:25,144 [Worker-46: Building] INFO  o.a.m.s.f.DefaultMavenResourcesFiltering - skip non existing resourceDirectory C:\GBM\jax-rs\rest-api-using-jax-rs-crud-operation-\rest api using jax-rs\crud\src\main\resources
2024-02-06 11:21:25,146 [Worker-46: Building] INFO  o.a.m.s.f.DefaultMavenResourcesFiltering - skip non existing resourceDirectory C:\GBM\jax-rs\rest-api-using-jax-rs-crud-operation-\rest api using jax-rs\crud\src\test\resources
2024-02-06 11:21:28,406 [Worker-39: Building] INFO  o.a.m.s.f.DefaultMavenResourcesFiltering - skip non existing resourceDirectory C:\GBM\jax-rs\rest-api-using-jax-rs-crud-operation-\rest api using jax-rs\crud\src\main\resources
2024-02-06 11:21:28,407 [Worker-39: Building] INFO  o.a.m.s.f.DefaultMavenResourcesFiltering - skip non existing resourceDirectory C:\GBM\jax-rs\rest-api-using-jax-rs-crud-operation-\rest api using jax-rs\crud\src\test\resources
2024-02-06 11:21:36,077 [Worker-44: Building] INFO  o.a.m.s.f.DefaultMavenResourcesFiltering - skip non existing resourceDirectory C:\GBM\jax-rs\rest-api-using-jax-rs-crud-operation-\rest api using jax-rs\crud\src\main\resources
2024-02-06 11:21:36,079 [Worker-44: Building] INFO  o.a.m.s.f.DefaultMavenResourcesFiltering - skip non existing resourceDirectory C:\GBM\jax-rs\rest-api-using-jax-rs-crud-operation-\rest api using jax-rs\crud\src\test\resources
2024-02-06 11:22:33,888 [Worker-45: Building] INFO  o.a.m.s.f.DefaultMavenResourcesFiltering - skip non existing resourceDirectory C:\GBM\jax-rs\rest-api-using-jax-rs-crud-operation-\rest api using jax-rs\crud\src\main\resources
2024-02-06 11:22:33,890 [Worker-45: Building] INFO  o.a.m.s.f.DefaultMavenResourcesFiltering - skip non existing resourceDirectory C:\GBM\jax-rs\rest-api-using-jax-rs-crud-operation-\rest api using jax-rs\crud\src\test\resources
2024-02-06 11:23:46,411 [Worker-43: Building] INFO  o.a.m.s.f.DefaultMavenResourcesFiltering - skip non existing resourceDirectory C:\GBM\jax-rs\rest-api-using-jax-rs-crud-operation-\rest api using jax-rs\crud\src\main\resources
2024-02-06 11:23:46,414 [Worker-43: Building] INFO  o.a.m.s.f.DefaultMavenResourcesFiltering - skip non existing resourceDirectory C:\GBM\jax-rs\rest-api-using-jax-rs-crud-operation-\rest api using jax-rs\crud\src\test\resources
2024-02-06 11:26:06,906 [Worker-45: Building] INFO  o.a.m.s.f.DefaultMavenResourcesFiltering - skip non existing resourceDirectory C:\GBM\jax-rs\rest-api-using-jax-rs-crud-operation-\rest api using jax-rs\crud\src\main\resources
2024-02-06 11:26:06,908 [Worker-45: Building] INFO  o.a.m.s.f.DefaultMavenResourcesFiltering - skip non existing resourceDirectory C:\GBM\jax-rs\rest-api-using-jax-rs-crud-operation-\rest api using jax-rs\crud\src\test\resources
2024-02-06 11:29:12,891 [Worker-50: Building] INFO  o.a.m.s.f.DefaultMavenResourcesFiltering - skip non existing resourceDirectory C:\GBM\jax-rs\rest-api-using-jax-rs-crud-operation-\rest api using jax-rs\crud\src\main\resources
2024-02-06 11:29:12,894 [Worker-50: Building] INFO  o.a.m.s.f.DefaultMavenResourcesFiltering - skip non existing resourceDirectory C:\GBM\jax-rs\rest-api-using-jax-rs-crud-operation-\rest api using jax-rs\crud\src\test\resources
2024-02-06 11:32:47,926 [Worker-45: Building] INFO  o.a.m.s.f.DefaultMavenResourcesFiltering - skip non existing resourceDirectory C:\GBM\jax-rs\rest-api-using-jax-rs-crud-operation-\rest api using jax-rs\crud\src\main\resources
2024-02-06 11:32:47,927 [Worker-45: Building] INFO  o.a.m.s.f.DefaultMavenResourcesFiltering - skip non existing resourceDirectory C:\GBM\jax-rs\rest-api-using-jax-rs-crud-operation-\rest api using jax-rs\crud\src\test\resources
2024-02-06 11:33:17,468 [Worker-47: Building] INFO  o.a.m.s.f.DefaultMavenResourcesFiltering - skip non existing resourceDirectory C:\GBM\jax-rs\rest-api-using-jax-rs-crud-operation-\rest api using jax-rs\crud\src\main\resources
2024-02-06 11:33:17,470 [Worker-47: Building] INFO  o.a.m.s.f.DefaultMavenResourcesFiltering - skip non existing resourceDirectory C:\GBM\jax-rs\rest-api-using-jax-rs-crud-operation-\rest api using jax-rs\crud\src\test\resources
2024-02-06 11:33:32,423 [Worker-45: Building] INFO  o.a.m.s.f.DefaultMavenResourcesFiltering - skip non existing resourceDirectory C:\GBM\jax-rs\rest-api-using-jax-rs-crud-operation-\rest api using jax-rs\crud\src\main\resources
2024-02-06 11:33:32,426 [Worker-45: Building] INFO  o.a.m.s.f.DefaultMavenResourcesFiltering - skip non existing resourceDirectory C:\GBM\jax-rs\rest-api-using-jax-rs-crud-operation-\rest api using jax-rs\crud\src\test\resources
2024-02-06 11:33:55,385 [Worker-47: Building] INFO  o.a.m.s.f.DefaultMavenResourcesFiltering - skip non existing resourceDirectory C:\GBM\jax-rs\rest-api-using-jax-rs-crud-operation-\rest api using jax-rs\crud\src\main\resources
2024-02-06 11:33:55,386 [Worker-47: Building] INFO  o.a.m.s.f.DefaultMavenResourcesFiltering - skip non existing resourceDirectory C:\GBM\jax-rs\rest-api-using-jax-rs-crud-operation-\rest api using jax-rs\crud\src\test\resources
2024-02-06 11:36:11,511 [Worker-52: Building] INFO  o.a.m.s.f.DefaultMavenResourcesFiltering - skip non existing resourceDirectory C:\GBM\jax-rs\rest-api-using-jax-rs-crud-operation-\rest api using jax-rs\crud\src\main\resources
2024-02-06 11:36:11,512 [Worker-52: Building] INFO  o.a.m.s.f.DefaultMavenResourcesFiltering - skip non existing resourceDirectory C:\GBM\jax-rs\rest-api-using-jax-rs-crud-operation-\rest api using jax-rs\crud\src\test\resources
2024-02-06 11:36:27,589 [Worker-52: Building] INFO  o.a.m.s.f.DefaultMavenResourcesFiltering - skip non existing resourceDirectory C:\GBM\jax-rs\rest-api-using-jax-rs-crud-operation-\rest api using jax-rs\crud\src\main\resources
2024-02-06 11:36:27,590 [Worker-52: Building] INFO  o.a.m.s.f.DefaultMavenResourcesFiltering - skip non existing resourceDirectory C:\GBM\jax-rs\rest-api-using-jax-rs-crud-operation-\rest api using jax-rs\crud\src\test\resources
2024-02-06 11:36:29,791 [Worker-47: Building] INFO  o.a.m.s.f.DefaultMavenResourcesFiltering - skip non existing resourceDirectory C:\GBM\jax-rs\rest-api-using-jax-rs-crud-operation-\rest api using jax-rs\crud\src\main\resources
2024-02-06 11:36:29,793 [Worker-47: Building] INFO  o.a.m.s.f.DefaultMavenResourcesFiltering - skip non existing resourceDirectory C:\GBM\jax-rs\rest-api-using-jax-rs-crud-operation-\rest api using jax-rs\crud\src\test\resources
2024-02-06 11:37:16,926 [Worker-51: Building] INFO  o.a.m.s.f.DefaultMavenResourcesFiltering - skip non existing resourceDirectory C:\GBM\jax-rs\rest-api-using-jax-rs-crud-operation-\rest api using jax-rs\crud\src\main\resources
2024-02-06 11:37:16,927 [Worker-51: Building] INFO  o.a.m.s.f.DefaultMavenResourcesFiltering - skip non existing resourceDirectory C:\GBM\jax-rs\rest-api-using-jax-rs-crud-operation-\rest api using jax-rs\crud\src\test\resources
2024-02-06 11:42:28,525 [Worker-55: Building] INFO  o.a.m.s.f.DefaultMavenResourcesFiltering - skip non existing resourceDirectory C:\GBM\jax-rs\rest-api-using-jax-rs-crud-operation-\rest api using jax-rs\crud\src\main\resources
2024-02-06 11:42:28,527 [Worker-55: Building] INFO  o.a.m.s.f.DefaultMavenResourcesFiltering - skip non existing resourceDirectory C:\GBM\jax-rs\rest-api-using-jax-rs-crud-operation-\rest api using jax-rs\crud\src\test\resources
2024-02-06 11:42:50,897 [Worker-54: Building] INFO  o.a.m.s.f.DefaultMavenResourcesFiltering - skip non existing resourceDirectory C:\GBM\jax-rs\rest-api-using-jax-rs-crud-operation-\rest api using jax-rs\crud\src\main\resources
2024-02-06 11:42:50,899 [Worker-54: Building] INFO  o.a.m.s.f.DefaultMavenResourcesFiltering - skip non existing resourceDirectory C:\GBM\jax-rs\rest-api-using-jax-rs-crud-operation-\rest api using jax-rs\crud\src\test\resources
2024-02-06 11:43:23,255 [Worker-47: Building] INFO  o.a.m.s.f.DefaultMavenResourcesFiltering - skip non existing resourceDirectory C:\GBM\jax-rs\rest-api-using-jax-rs-crud-operation-\rest api using jax-rs\crud\src\main\resources
2024-02-06 11:43:23,257 [Worker-47: Building] INFO  o.a.m.s.f.DefaultMavenResourcesFiltering - skip non existing resourceDirectory C:\GBM\jax-rs\rest-api-using-jax-rs-crud-operation-\rest api using jax-rs\crud\src\test\resources
2024-02-06 11:43:44,428 [Worker-54: Building] INFO  o.a.m.s.f.DefaultMavenResourcesFiltering - skip non existing resourceDirectory C:\GBM\jax-rs\rest-api-using-jax-rs-crud-operation-\rest api using jax-rs\crud\src\main\resources
2024-02-06 11:43:44,430 [Worker-54: Building] INFO  o.a.m.s.f.DefaultMavenResourcesFiltering - skip non existing resourceDirectory C:\GBM\jax-rs\rest-api-using-jax-rs-crud-operation-\rest api using jax-rs\crud\src\test\resources
2024-02-06 11:44:38,342 [Worker-57: Building] INFO  o.a.m.s.f.DefaultMavenResourcesFiltering - skip non existing resourceDirectory C:\GBM\jax-rs\rest-api-using-jax-rs-crud-operation-\rest api using jax-rs\crud\src\main\resources
2024-02-06 11:44:38,343 [Worker-57: Building] INFO  o.a.m.s.f.DefaultMavenResourcesFiltering - skip non existing resourceDirectory C:\GBM\jax-rs\rest-api-using-jax-rs-crud-operation-\rest api using jax-rs\crud\src\test\resources
2024-02-06 11:47:40,618 [Worker-51: Building] INFO  o.a.m.s.f.DefaultMavenResourcesFiltering - skip non existing resourceDirectory C:\GBM\jax-rs\rest-api-using-jax-rs-crud-operation-\rest api using jax-rs\crud\src\main\resources
2024-02-06 11:47:40,620 [Worker-51: Building] INFO  o.a.m.s.f.DefaultMavenResourcesFiltering - skip non existing resourceDirectory C:\GBM\jax-rs\rest-api-using-jax-rs-crud-operation-\rest api using jax-rs\crud\src\test\resources
2024-02-06 11:49:32,986 [Worker-52: Building] INFO  o.a.m.s.f.DefaultMavenResourcesFiltering - skip non existing resourceDirectory C:\GBM\jax-rs\rest-api-using-jax-rs-crud-operation-\rest api using jax-rs\crud\src\main\resources
2024-02-06 11:49:32,988 [Worker-52: Building] INFO  o.a.m.s.f.DefaultMavenResourcesFiltering - skip non existing resourceDirectory C:\GBM\jax-rs\rest-api-using-jax-rs-crud-operation-\rest api using jax-rs\crud\src\test\resources
2024-02-06 11:50:32,723 [Worker-47: Building] INFO  o.a.m.s.f.DefaultMavenResourcesFiltering - skip non existing resourceDirectory C:\GBM\jax-rs\rest-api-using-jax-rs-crud-operation-\rest api using jax-rs\crud\src\main\resources
2024-02-06 11:50:32,726 [Worker-47: Building] INFO  o.a.m.s.f.DefaultMavenResourcesFiltering - skip non existing resourceDirectory C:\GBM\jax-rs\rest-api-using-jax-rs-crud-operation-\rest api using jax-rs\crud\src\test\resources
2024-02-06 11:50:43,972 [Worker-52: Building] INFO  o.a.m.s.f.DefaultMavenResourcesFiltering - skip non existing resourceDirectory C:\GBM\jax-rs\rest-api-using-jax-rs-crud-operation-\rest api using jax-rs\crud\src\main\resources
2024-02-06 11:50:43,974 [Worker-52: Building] INFO  o.a.m.s.f.DefaultMavenResourcesFiltering - skip non existing resourceDirectory C:\GBM\jax-rs\rest-api-using-jax-rs-crud-operation-\rest api using jax-rs\crud\src\test\resources
2024-02-06 11:50:52,193 [Worker-47: Building] INFO  o.a.m.s.f.DefaultMavenResourcesFiltering - skip non existing resourceDirectory C:\GBM\jax-rs\rest-api-using-jax-rs-crud-operation-\rest api using jax-rs\crud\src\main\resources
2024-02-06 11:50:52,195 [Worker-47: Building] INFO  o.a.m.s.f.DefaultMavenResourcesFiltering - skip non existing resourceDirectory C:\GBM\jax-rs\rest-api-using-jax-rs-crud-operation-\rest api using jax-rs\crud\src\test\resources
2024-02-06 11:51:42,507 [Worker-47: Building] INFO  o.a.m.s.f.DefaultMavenResourcesFiltering - skip non existing resourceDirectory C:\GBM\jax-rs\rest-api-using-jax-rs-crud-operation-\rest api using jax-rs\crud\src\main\resources
2024-02-06 11:51:42,508 [Worker-47: Building] INFO  o.a.m.s.f.DefaultMavenResourcesFiltering - skip non existing resourceDirectory C:\GBM\jax-rs\rest-api-using-jax-rs-crud-operation-\rest api using jax-rs\crud\src\test\resources
2024-02-06 11:51:51,783 [Worker-56: Building] INFO  o.a.m.s.f.DefaultMavenResourcesFiltering - skip non existing resourceDirectory C:\GBM\jax-rs\rest-api-using-jax-rs-crud-operation-\rest api using jax-rs\crud\src\main\resources
2024-02-06 11:51:51,784 [Worker-56: Building] INFO  o.a.m.s.f.DefaultMavenResourcesFiltering - skip non existing resourceDirectory C:\GBM\jax-rs\rest-api-using-jax-rs-crud-operation-\rest api using jax-rs\crud\src\test\resources
2024-02-06 11:52:24,851 [Worker-58: Building] INFO  o.a.m.s.f.DefaultMavenResourcesFiltering - skip non existing resourceDirectory C:\GBM\jax-rs\rest-api-using-jax-rs-crud-operation-\rest api using jax-rs\crud\src\main\resources
2024-02-06 11:52:24,852 [Worker-58: Building] INFO  o.a.m.s.f.DefaultMavenResourcesFiltering - skip non existing resourceDirectory C:\GBM\jax-rs\rest-api-using-jax-rs-crud-operation-\rest api using jax-rs\crud\src\test\resources
2024-02-06 11:53:26,283 [Worker-54: Building] INFO  o.a.m.s.f.DefaultMavenResourcesFiltering - skip non existing resourceDirectory C:\GBM\jax-rs\rest-api-using-jax-rs-crud-operation-\rest api using jax-rs\crud\src\main\resources
2024-02-06 11:53:26,285 [Worker-54: Building] INFO  o.a.m.s.f.DefaultMavenResourcesFiltering - skip non existing resourceDirectory C:\GBM\jax-rs\rest-api-using-jax-rs-crud-operation-\rest api using jax-rs\crud\src\test\resources
2024-02-06 11:54:31,502 [Worker-54: Building] INFO  o.a.m.s.f.DefaultMavenResourcesFiltering - skip non existing resourceDirectory C:\GBM\jax-rs\rest-api-using-jax-rs-crud-operation-\rest api using jax-rs\crud\src\main\resources
2024-02-06 11:54:31,503 [Worker-54: Building] INFO  o.a.m.s.f.DefaultMavenResourcesFiltering - skip non existing resourceDirectory C:\GBM\jax-rs\rest-api-using-jax-rs-crud-operation-\rest api using jax-rs\crud\src\test\resources
2024-02-06 11:54:38,933 [Worker-47: Building] INFO  o.a.m.s.f.DefaultMavenResourcesFiltering - skip non existing resourceDirectory C:\GBM\jax-rs\rest-api-using-jax-rs-crud-operation-\rest api using jax-rs\crud\src\main\resources
2024-02-06 11:54:38,934 [Worker-47: Building] INFO  o.a.m.s.f.DefaultMavenResourcesFiltering - skip non existing resourceDirectory C:\GBM\jax-rs\rest-api-using-jax-rs-crud-operation-\rest api using jax-rs\crud\src\test\resources
2024-02-06 11:55:31,947 [Worker-47: Building] INFO  o.a.m.s.f.DefaultMavenResourcesFiltering - skip non existing resourceDirectory C:\GBM\jax-rs\rest-api-using-jax-rs-crud-operation-\rest api using jax-rs\crud\src\main\resources
2024-02-06 11:55:31,948 [Worker-47: Building] INFO  o.a.m.s.f.DefaultMavenResourcesFiltering - skip non existing resourceDirectory C:\GBM\jax-rs\rest-api-using-jax-rs-crud-operation-\rest api using jax-rs\crud\src\test\resources
2024-02-06 11:57:01,811 [Worker-52: Building] INFO  o.a.m.s.f.DefaultMavenResourcesFiltering - skip non existing resourceDirectory C:\GBM\jax-rs\rest-api-using-jax-rs-crud-operation-\rest api using jax-rs\crud\src\main\resources
2024-02-06 11:57:01,812 [Worker-52: Building] INFO  o.a.m.s.f.DefaultMavenResourcesFiltering - skip non existing resourceDirectory C:\GBM\jax-rs\rest-api-using-jax-rs-crud-operation-\rest api using jax-rs\crud\src\test\resources
2024-02-06 11:57:43,974 [Worker-56: Building] INFO  o.a.m.s.f.DefaultMavenResourcesFiltering - skip non existing resourceDirectory C:\GBM\jax-rs\rest-api-using-jax-rs-crud-operation-\rest api using jax-rs\crud\src\main\resources
2024-02-06 11:57:43,976 [Worker-56: Building] INFO  o.a.m.s.f.DefaultMavenResourcesFiltering - skip non existing resourceDirectory C:\GBM\jax-rs\rest-api-using-jax-rs-crud-operation-\rest api using jax-rs\crud\src\test\resources
2024-02-06 11:59:43,893 [Worker-59: Building] INFO  o.a.m.s.f.DefaultMavenResourcesFiltering - skip non existing resourceDirectory C:\GBM\jax-rs\rest-api-using-jax-rs-crud-operation-\rest api using jax-rs\crud\src\main\resources
2024-02-06 11:59:43,895 [Worker-59: Building] INFO  o.a.m.s.f.DefaultMavenResourcesFiltering - skip non existing resourceDirectory C:\GBM\jax-rs\rest-api-using-jax-rs-crud-operation-\rest api using jax-rs\crud\src\test\resources
2024-02-06 12:02:06,577 [Worker-59: Building] INFO  o.a.m.s.f.DefaultMavenResourcesFiltering - skip non existing resourceDirectory C:\GBM\jax-rs\rest-api-using-jax-rs-crud-operation-\rest api using jax-rs\crud\src\main\resources
2024-02-06 12:02:06,579 [Worker-59: Building] INFO  o.a.m.s.f.DefaultMavenResourcesFiltering - skip non existing resourceDirectory C:\GBM\jax-rs\rest-api-using-jax-rs-crud-operation-\rest api using jax-rs\crud\src\test\resources
2024-02-06 12:03:21,689 [Worker-47: Building] INFO  o.a.m.s.f.DefaultMavenResourcesFiltering - skip non existing resourceDirectory C:\GBM\jax-rs\rest-api-using-jax-rs-crud-operation-\rest api using jax-rs\crud\src\main\resources
2024-02-06 12:03:21,692 [Worker-47: Building] INFO  o.a.m.s.f.DefaultMavenResourcesFiltering - skip non existing resourceDirectory C:\GBM\jax-rs\rest-api-using-jax-rs-crud-operation-\rest api using jax-rs\crud\src\test\resources
2024-02-06 12:04:00,178 [Worker-54: Building] INFO  o.a.m.s.f.DefaultMavenResourcesFiltering - skip non existing resourceDirectory C:\GBM\jax-rs\rest-api-using-jax-rs-crud-operation-\rest api using jax-rs\crud\src\main\resources
2024-02-06 12:04:00,179 [Worker-54: Building] INFO  o.a.m.s.f.DefaultMavenResourcesFiltering - skip non existing resourceDirectory C:\GBM\jax-rs\rest-api-using-jax-rs-crud-operation-\rest api using jax-rs\crud\src\test\resources
2024-02-06 12:04:07,163 [Worker-59: Building] INFO  o.a.m.s.f.DefaultMavenResourcesFiltering - skip non existing resourceDirectory C:\GBM\jax-rs\rest-api-using-jax-rs-crud-operation-\rest api using jax-rs\crud\src\main\resources
2024-02-06 12:04:07,164 [Worker-59: Building] INFO  o.a.m.s.f.DefaultMavenResourcesFiltering - skip non existing resourceDirectory C:\GBM\jax-rs\rest-api-using-jax-rs-crud-operation-\rest api using jax-rs\crud\src\test\resources
2024-02-06 12:04:53,160 [Worker-52: Building] INFO  o.a.m.s.f.DefaultMavenResourcesFiltering - skip non existing resourceDirectory C:\GBM\jax-rs\rest-api-using-jax-rs-crud-operation-\rest api using jax-rs\crud\src\main\resources
2024-02-06 12:04:53,162 [Worker-52: Building] INFO  o.a.m.s.f.DefaultMavenResourcesFiltering - skip non existing resourceDirectory C:\GBM\jax-rs\rest-api-using-jax-rs-crud-operation-\rest api using jax-rs\crud\src\test\resources
2024-02-06 12:06:48,942 [Worker-47: Building] INFO  o.a.m.s.f.DefaultMavenResourcesFiltering - skip non existing resourceDirectory C:\GBM\jax-rs\rest-api-using-jax-rs-crud-operation-\rest api using jax-rs\crud\src\main\resources
2024-02-06 12:06:48,944 [Worker-47: Building] INFO  o.a.m.s.f.DefaultMavenResourcesFiltering - skip non existing resourceDirectory C:\GBM\jax-rs\rest-api-using-jax-rs-crud-operation-\rest api using jax-rs\crud\src\test\resources
2024-02-06 12:09:23,124 [Worker-54: Building] INFO  o.a.m.s.f.DefaultMavenResourcesFiltering - skip non existing resourceDirectory C:\GBM\jax-rs\rest-api-using-jax-rs-crud-operation-\rest api using jax-rs\crud\src\main\resources
2024-02-06 12:09:23,124 [Worker-54: Building] INFO  o.a.m.s.f.DefaultMavenResourcesFiltering - skip non existing resourceDirectory C:\GBM\jax-rs\rest-api-using-jax-rs-crud-operation-\rest api using jax-rs\crud\src\test\resources
2024-02-06 12:09:45,770 [Worker-54: Building] INFO  o.a.m.s.f.DefaultMavenResourcesFiltering - skip non existing resourceDirectory C:\GBM\jax-rs\rest-api-using-jax-rs-crud-operation-\rest api using jax-rs\crud\src\main\resources
2024-02-06 12:09:45,772 [Worker-54: Building] INFO  o.a.m.s.f.DefaultMavenResourcesFiltering - skip non existing resourceDirectory C:\GBM\jax-rs\rest-api-using-jax-rs-crud-operation-\rest api using jax-rs\crud\src\test\resources
